<?xml version="1.0" encoding="UTF-8" ?>
<testsuite tests="3" failures="0" name="com.examples.EmployeeResourceRestAssuredTest" time="0.498" errors="0" skipped="0">
  <properties>
[...]
</properties>
  <testcase classname="com.examples.EmployeeResourceRestAssuredTest" name="test_getItXML_failure" time="0.06"/>
  <testcase classname="com.examples.EmployeeResourceRestAssuredTest" name="test_getAllEmployees" time="0.335"/>
  <testcase classname="com.examples.EmployeeResourceRestAssuredTest" name="test_getItXML_success" time="0.103"/>
</testsuite>